<?xml version="1.0" encoding="UTF-8"?>
<testng-results ignored="0" total="11" passed="11" failed="0" skipped="0">
  <reporter-output>
    <line>
      <![CDATA[<a href= 'E:\workspace\NagarroAutomation\src\main\java\assignment\nagarro\screenshot\ItemSelected_30_04_2021_01_01_48.png'> <img src='E:\workspace\NagarroAutomation\src\main\java\assignment\nagarro\screenshot\ItemSelected_30_04_2021_01_01_48.png' height='100' width ='100'/></a>]]>
    </line>
    <line>
      <![CDATA[<a href= 'E:\workspace\NagarroAutomation\src\main\java\assignment\nagarro\screenshot\ChromeLogoAddedData_30_04_2021_01_01_50.png'> <img src='E:\workspace\NagarroAutomation\src\main\java\assignment\nagarro\screenshot\ChromeLogoAddedData_30_04_2021_01_01_50.png' height='100' width ='100'/></a>]]>
    </line>
    <line>
      <![CDATA[<a href= 'E:\workspace\NagarroAutomation\src\main\java\assignment\nagarro\screenshot\FileLogoFormData_30_04_2021_01_02_14.png'> <img src='E:\workspace\NagarroAutomation\src\main\java\assignment\nagarro\screenshot\FileLogoFormData_30_04_2021_01_02_14.png' height='100' width ='100'/></a>]]>
    </line>
    <line>
      <![CDATA[<a href= 'E:\workspace\NagarroAutomation\src\main\java\assignment\nagarro\screenshot\FileLogoData_30_04_2021_01_02_16.png'> <img src='E:\workspace\NagarroAutomation\src\main\java\assignment\nagarro\screenshot\FileLogoData_30_04_2021_01_02_16.png' height='100' width ='100'/></a>]]>
    </line>
    <line>
      <![CDATA[<a href= 'E:\workspace\NagarroAutomation\src\main\java\assignment\nagarro\screenshot\ProgressBar_30_04_2021_01_02_35.png'> <img src='E:\workspace\NagarroAutomation\src\main\java\assignment\nagarro\screenshot\ProgressBar_30_04_2021_01_02_35.png' height='100' width ='100'/></a>]]>
    </line>
    <line>
      <![CDATA[<a href= 'E:\workspace\NagarroAutomation\src\main\java\assignment\nagarro\screenshot\ProgressBarRegisterPage_30_04_2021_01_02_54.png'> <img src='E:\workspace\NagarroAutomation\src\main\java\assignment\nagarro\screenshot\ProgressBarRegisterPage_30_04_2021_01_02_54.png' height='100' width ='100'/></a>]]>
    </line>
    <line>
      <![CDATA[<a href= 'E:\workspace\NagarroAutomation\src\main\java\assignment\nagarro\screenshot\Toast button_30_04_2021_01_03_12.png'> <img src='E:\workspace\NagarroAutomation\src\main\java\assignment\nagarro\screenshot\Toast button_30_04_2021_01_03_12.png' height='100' width ='100'/></a>]]>
    </line>
    <line>
      <![CDATA[<a href= 'E:\workspace\NagarroAutomation\src\main\java\assignment\nagarro\screenshot\Popupmessage_30_04_2021_01_03_32.png'> <img src='E:\workspace\NagarroAutomation\src\main\java\assignment\nagarro\screenshot\Popupmessage_30_04_2021_01_03_32.png' height='100' width ='100'/></a>]]>
    </line>
    <line>
      <![CDATA[<a href= 'E:\workspace\NagarroAutomation\src\main\java\assignment\nagarro\screenshot\DraggedDropped_30_04_2021_01_04_24.png'> <img src='E:\workspace\NagarroAutomation\src\main\java\assignment\nagarro\screenshot\DraggedDropped_30_04_2021_01_04_24.png' height='100' width ='100'/></a>]]>
    </line>
    <line>
      <![CDATA[<a href= 'E:\workspace\NagarroAutomation\src\main\java\assignment\nagarro\screenshot\ItemSelected_30_04_2021_01_04_24.png'> <img src='E:\workspace\NagarroAutomation\src\main\java\assignment\nagarro\screenshot\ItemSelected_30_04_2021_01_04_24.png' height='100' width ='100'/></a>]]>
    </line>
    <line>
      <![CDATA[<a href= 'E:\workspace\NagarroAutomation\src\main\java\assignment\nagarro\screenshot\ControlGroup_30_04_2021_01_04_34.png'> <img src='E:\workspace\NagarroAutomation\src\main\java\assignment\nagarro\screenshot\ControlGroup_30_04_2021_01_04_34.png' height='100' width ='100'/></a>]]>
    </line>
  </reporter-output>
  <suite started-at="2021-04-30T07:34:13Z" name="Assignment Nagarro (0)" finished-at="2021-04-30T07:34:35Z" duration-ms="22058">
    <groups>
    </groups>
    <test started-at="2021-04-30T07:34:13Z" name="Verify Drag and Drop" finished-at="2021-04-30T07:34:24Z" duration-ms="11556">
      <class name="assignment.nagarro.testCases.TC006_Web_Droppable">
        <test-method is-config="true" signature="setup()[pri:0, instance:assignment.nagarro.testCases.TC006_Web_Droppable@3427b02d]" started-at="2021-04-30T13:04:13Z" name="setup" finished-at="2021-04-30T13:04:20Z" duration-ms="7101" status="PASS">
          <reporter-output>
          </reporter-output>
        </test-method> <!-- setup -->
        <test-method signature="dragAndDrop()[pri:1, instance:assignment.nagarro.testCases.TC006_Web_Droppable@3427b02d]" started-at="2021-04-30T13:04:20Z" name="dragAndDrop" finished-at="2021-04-30T13:04:24Z" duration-ms="3795" status="PASS">
          <reporter-output>
            <line>
              <![CDATA[<a href= 'E:\workspace\NagarroAutomation\src\main\java\assignment\nagarro\screenshot\DraggedDropped_30_04_2021_01_04_24.png'> <img src='E:\workspace\NagarroAutomation\src\main\java\assignment\nagarro\screenshot\DraggedDropped_30_04_2021_01_04_24.png' height='100' width ='100'/></a>]]>
            </line>
          </reporter-output>
        </test-method> <!-- dragAndDrop -->
        <test-method is-config="true" signature="endTest()[pri:0, instance:assignment.nagarro.testCases.TC006_Web_Droppable@3427b02d]" started-at="2021-04-30T13:04:24Z" name="endTest" finished-at="2021-04-30T13:04:24Z" duration-ms="649" status="PASS">
          <reporter-output>
          </reporter-output>
        </test-method> <!-- endTest -->
      </class> <!-- assignment.nagarro.testCases.TC006_Web_Droppable -->
    </test> <!-- Verify Drag and Drop -->
    <test started-at="2021-04-30T07:34:13Z" name="selectable" finished-at="2021-04-30T07:34:25Z" duration-ms="12143">
      <class name="assignment.nagarro.testCases.TC007_Web_Selectable">
        <test-method is-config="true" signature="setup()[pri:0, instance:assignment.nagarro.testCases.TC007_Web_Selectable@68999068]" started-at="2021-04-30T13:04:13Z" name="setup" finished-at="2021-04-30T13:04:20Z" duration-ms="7120" status="PASS">
          <reporter-output>
          </reporter-output>
        </test-method> <!-- setup -->
        <test-method signature="selectable(java.lang.String)[pri:1, instance:assignment.nagarro.testCases.TC007_Web_Selectable@68999068]" started-at="2021-04-30T13:04:20Z" name="selectable" finished-at="2021-04-30T13:04:24Z" duration-ms="4332" status="PASS">
          <params>
            <param index="0">
              <value>
                <![CDATA[Item 1,Item 3,Item 7]]>
              </value>
            </param>
          </params>
          <reporter-output>
            <line>
              <![CDATA[<a href= 'E:\workspace\NagarroAutomation\src\main\java\assignment\nagarro\screenshot\ItemSelected_30_04_2021_01_04_24.png'> <img src='E:\workspace\NagarroAutomation\src\main\java\assignment\nagarro\screenshot\ItemSelected_30_04_2021_01_04_24.png' height='100' width ='100'/></a>]]>
            </line>
          </reporter-output>
        </test-method> <!-- selectable -->
        <test-method is-config="true" signature="endTest()[pri:0, instance:assignment.nagarro.testCases.TC007_Web_Selectable@68999068]" started-at="2021-04-30T13:04:24Z" name="endTest" finished-at="2021-04-30T13:04:25Z" duration-ms="687" status="PASS">
          <reporter-output>
          </reporter-output>
        </test-method> <!-- endTest -->
      </class> <!-- assignment.nagarro.testCases.TC007_Web_Selectable -->
    </test> <!-- selectable -->
    <test started-at="2021-04-30T07:34:24Z" name="Rent Car in control group" finished-at="2021-04-30T07:34:35Z" duration-ms="10347">
      <class name="assignment.nagarro.testCases.TC008_Web_Controlgroup">
        <test-method is-config="true" signature="setup()[pri:0, instance:assignment.nagarro.testCases.TC008_Web_Controlgroup@7193666c]" started-at="2021-04-30T13:04:24Z" name="setup" finished-at="2021-04-30T13:04:29Z" duration-ms="4128" status="PASS">
          <reporter-output>
          </reporter-output>
        </test-method> <!-- setup -->
        <test-method signature="RentCarIncontrolgroup(java.lang.String, java.lang.String, java.lang.String, java.lang.String, java.lang.String, java.lang.String)[pri:1, instance:assignment.nagarro.testCases.TC008_Web_Controlgroup@7193666c]" started-at="2021-04-30T13:04:29Z" name="RentCarIncontrolgroup" finished-at="2021-04-30T13:04:34Z" duration-ms="5509" status="PASS">
          <params>
            <param index="0">
              <value>
                <![CDATA[SUV]]>
              </value>
            </param>
            <param index="1">
              <value>
                <![CDATA[Automatic]]>
              </value>
            </param>
            <param index="2">
              <value>
                <![CDATA[2]]>
              </value>
            </param>
            <param index="3">
              <value>
                <![CDATA[Truck]]>
              </value>
            </param>
            <param index="4">
              <value>
                <![CDATA[Standard]]>
              </value>
            </param>
            <param index="5">
              <value>
                <![CDATA[1]]>
              </value>
            </param>
          </params>
          <reporter-output>
            <line>
              <![CDATA[<a href= 'E:\workspace\NagarroAutomation\src\main\java\assignment\nagarro\screenshot\ControlGroup_30_04_2021_01_04_34.png'> <img src='E:\workspace\NagarroAutomation\src\main\java\assignment\nagarro\screenshot\ControlGroup_30_04_2021_01_04_34.png' height='100' width ='100'/></a>]]>
            </line>
          </reporter-output>
        </test-method> <!-- RentCarIncontrolgroup -->
        <test-method is-config="true" signature="endTest()[pri:0, instance:assignment.nagarro.testCases.TC008_Web_Controlgroup@7193666c]" started-at="2021-04-30T13:04:34Z" name="endTest" finished-at="2021-04-30T13:04:35Z" duration-ms="703" status="PASS">
          <reporter-output>
          </reporter-output>
        </test-method> <!-- endTest -->
      </class> <!-- assignment.nagarro.testCases.TC008_Web_Controlgroup -->
    </test> <!-- Rent Car in control group -->
  </suite> <!-- Assignment Nagarro (0) -->
  <suite started-at="2021-04-30T07:34:36Z" name="Nagaro Automation testing" finished-at="2021-04-30T07:34:36Z" duration-ms="0">
    <groups>
    </groups>
  </suite> <!-- Nagaro Automation testing -->
  <suite started-at="2021-04-30T07:31:05Z" name="Assignment Nagarro" finished-at="2021-04-30T07:34:13Z" duration-ms="187785">
    <groups>
    </groups>
    <test started-at="2021-04-30T07:31:05Z" name="EN buttonVerification" finished-at="2021-04-30T07:31:24Z" duration-ms="18929">
      <class name="assignment.nagarro.testCases.TC001_Mobile_Homepage">
        <test-method is-config="true" signature="init()[pri:0, instance:assignment.nagarro.testCases.TC001_Mobile_Homepage@be64738]" started-at="2021-04-30T13:01:05Z" name="init" finished-at="2021-04-30T13:01:19Z" duration-ms="13767" status="PASS">
          <reporter-output>
          </reporter-output>
        </test-method> <!-- init -->
        <test-method signature="enButtonVerify()[pri:1, instance:assignment.nagarro.testCases.TC001_Mobile_Homepage@be64738]" started-at="2021-04-30T13:01:19Z" name="enButtonVerify" finished-at="2021-04-30T13:01:22Z" duration-ms="3404" status="PASS">
          <reporter-output>
          </reporter-output>
        </test-method> <!-- enButtonVerify -->
        <test-method is-config="true" signature="endTest()[pri:0, instance:assignment.nagarro.testCases.TC001_Mobile_Homepage@be64738]" started-at="2021-04-30T13:01:22Z" name="endTest" finished-at="2021-04-30T13:01:24Z" duration-ms="1738" status="PASS">
          <reporter-output>
          </reporter-output>
        </test-method> <!-- endTest -->
      </class> <!-- assignment.nagarro.testCases.TC001_Mobile_Homepage -->
    </test> <!-- EN buttonVerification -->
    <test started-at="2021-04-30T07:31:25Z" name="Add name in Chrome" finished-at="2021-04-30T07:31:51Z" duration-ms="26740">
      <class name="assignment.nagarro.testCases.TC002_Mobile_Chrome">
        <test-method is-config="true" signature="init()[pri:0, instance:assignment.nagarro.testCases.TC002_Mobile_Chrome@7e0b85f9]" started-at="2021-04-30T13:01:25Z" name="init" finished-at="2021-04-30T13:01:38Z" duration-ms="13165" status="PASS">
          <reporter-output>
          </reporter-output>
        </test-method> <!-- init -->
        <test-method signature="addNameChrome()[pri:1, instance:assignment.nagarro.testCases.TC002_Mobile_Chrome@7e0b85f9]" started-at="2021-04-30T13:01:38Z" name="addNameChrome" finished-at="2021-04-30T13:01:50Z" duration-ms="12048" status="PASS">
          <reporter-output>
            <line>
              <![CDATA[<a href= 'E:\workspace\NagarroAutomation\src\main\java\assignment\nagarro\screenshot\ItemSelected_30_04_2021_01_01_48.png'> <img src='E:\workspace\NagarroAutomation\src\main\java\assignment\nagarro\screenshot\ItemSelected_30_04_2021_01_01_48.png' height='100' width ='100'/></a>]]>
            </line>
            <line>
              <![CDATA[<a href= 'E:\workspace\NagarroAutomation\src\main\java\assignment\nagarro\screenshot\ChromeLogoAddedData_30_04_2021_01_01_50.png'> <img src='E:\workspace\NagarroAutomation\src\main\java\assignment\nagarro\screenshot\ChromeLogoAddedData_30_04_2021_01_01_50.png' height='100' width ='100'/></a>]]>
            </line>
          </reporter-output>
        </test-method> <!-- addNameChrome -->
        <test-method is-config="true" signature="endTest()[pri:0, instance:assignment.nagarro.testCases.TC002_Mobile_Chrome@7e0b85f9]" started-at="2021-04-30T13:01:50Z" name="endTest" finished-at="2021-04-30T13:01:51Z" duration-ms="1522" status="PASS">
          <reporter-output>
          </reporter-output>
        </test-method> <!-- endTest -->
      </class> <!-- assignment.nagarro.testCases.TC002_Mobile_Chrome -->
    </test> <!-- Add name in Chrome -->
    <test started-at="2021-04-30T07:31:52Z" name="Register user in File logo" finished-at="2021-04-30T07:32:19Z" duration-ms="26755">
      <class name="assignment.nagarro.testCases.TC003_Mobile_FileLogo">
        <test-method is-config="true" signature="init()[pri:0, instance:assignment.nagarro.testCases.TC003_Mobile_FileLogo@5c30a9b0]" started-at="2021-04-30T13:01:52Z" name="init" finished-at="2021-04-30T13:02:05Z" duration-ms="12934" status="PASS">
          <reporter-output>
          </reporter-output>
        </test-method> <!-- init -->
        <test-method signature="fileLogo(java.lang.String, java.lang.String, java.lang.String)[pri:1, instance:assignment.nagarro.testCases.TC003_Mobile_FileLogo@5c30a9b0]" started-at="2021-04-30T13:02:05Z" name="fileLogo" finished-at="2021-04-30T13:02:17Z" duration-ms="12159" status="PASS">
          <params>
            <param index="0">
              <value>
                <![CDATA[Nayan]]>
              </value>
            </param>
            <param index="1">
              <value>
                <![CDATA[Pass@123]]>
              </value>
            </param>
            <param index="2">
              <value>
                <![CDATA[testemail@test.test]]>
              </value>
            </param>
          </params>
          <reporter-output>
            <line>
              <![CDATA[<a href= 'E:\workspace\NagarroAutomation\src\main\java\assignment\nagarro\screenshot\FileLogoFormData_30_04_2021_01_02_14.png'> <img src='E:\workspace\NagarroAutomation\src\main\java\assignment\nagarro\screenshot\FileLogoFormData_30_04_2021_01_02_14.png' height='100' width ='100'/></a>]]>
            </line>
            <line>
              <![CDATA[<a href= 'E:\workspace\NagarroAutomation\src\main\java\assignment\nagarro\screenshot\FileLogoData_30_04_2021_01_02_16.png'> <img src='E:\workspace\NagarroAutomation\src\main\java\assignment\nagarro\screenshot\FileLogoData_30_04_2021_01_02_16.png' height='100' width ='100'/></a>]]>
            </line>
          </reporter-output>
        </test-method> <!-- fileLogo -->
        <test-method is-config="true" signature="endTest()[pri:0, instance:assignment.nagarro.testCases.TC003_Mobile_FileLogo@5c30a9b0]" started-at="2021-04-30T13:02:17Z" name="endTest" finished-at="2021-04-30T13:02:19Z" duration-ms="1655" status="PASS">
          <reporter-output>
          </reporter-output>
        </test-method> <!-- endTest -->
      </class> <!-- assignment.nagarro.testCases.TC003_Mobile_FileLogo -->
    </test> <!-- Register user in File logo -->
    <test started-at="2021-04-30T07:32:19Z" name="Verify progress bar and registration page" finished-at="2021-04-30T07:32:56Z" duration-ms="37142">
      <class name="assignment.nagarro.testCases.TC004_Mobile_ProgressBar">
        <test-method is-config="true" signature="init()[pri:0, instance:assignment.nagarro.testCases.TC004_Mobile_ProgressBar@6ca8564a]" started-at="2021-04-30T13:02:19Z" name="init" finished-at="2021-04-30T13:02:32Z" duration-ms="13440" status="PASS">
          <reporter-output>
          </reporter-output>
        </test-method> <!-- init -->
        <test-method signature="verifyProgressBar()[pri:1, instance:assignment.nagarro.testCases.TC004_Mobile_ProgressBar@6ca8564a]" started-at="2021-04-30T13:02:32Z" name="verifyProgressBar" finished-at="2021-04-30T13:02:54Z" duration-ms="22204" status="PASS">
          <reporter-output>
            <line>
              <![CDATA[<a href= 'E:\workspace\NagarroAutomation\src\main\java\assignment\nagarro\screenshot\ProgressBar_30_04_2021_01_02_35.png'> <img src='E:\workspace\NagarroAutomation\src\main\java\assignment\nagarro\screenshot\ProgressBar_30_04_2021_01_02_35.png' height='100' width ='100'/></a>]]>
            </line>
            <line>
              <![CDATA[<a href= 'E:\workspace\NagarroAutomation\src\main\java\assignment\nagarro\screenshot\ProgressBarRegisterPage_30_04_2021_01_02_54.png'> <img src='E:\workspace\NagarroAutomation\src\main\java\assignment\nagarro\screenshot\ProgressBarRegisterPage_30_04_2021_01_02_54.png' height='100' width ='100'/></a>]]>
            </line>
          </reporter-output>
        </test-method> <!-- verifyProgressBar -->
        <test-method is-config="true" signature="endTest()[pri:0, instance:assignment.nagarro.testCases.TC004_Mobile_ProgressBar@6ca8564a]" started-at="2021-04-30T13:02:54Z" name="endTest" finished-at="2021-04-30T13:02:56Z" duration-ms="1466" status="PASS">
          <reporter-output>
          </reporter-output>
        </test-method> <!-- endTest -->
      </class> <!-- assignment.nagarro.testCases.TC004_Mobile_ProgressBar -->
    </test> <!-- Verify progress bar and registration page -->
    <test started-at="2021-04-30T07:32:56Z" name="Verify toast, popup, exceptions" finished-at="2021-04-30T07:34:13Z" duration-ms="76392">
      <class name="assignment.nagarro.testCases.TC005_Mobile_Basics">
        <test-method is-config="true" signature="init()[pri:0, instance:assignment.nagarro.testCases.TC005_Mobile_Basics@39529185]" started-at="2021-04-30T13:02:56Z" name="init" finished-at="2021-04-30T13:03:10Z" duration-ms="13506" status="PASS">
          <reporter-output>
          </reporter-output>
        </test-method> <!-- init -->
        <test-method signature="verifyDisplaysAToastTest()[pri:1, instance:assignment.nagarro.testCases.TC005_Mobile_Basics@39529185]" started-at="2021-04-30T13:03:10Z" name="verifyDisplaysAToastTest" finished-at="2021-04-30T13:03:14Z" duration-ms="3964" status="PASS">
          <reporter-output>
            <line>
              <![CDATA[<a href= 'E:\workspace\NagarroAutomation\src\main\java\assignment\nagarro\screenshot\Toast button_30_04_2021_01_03_12.png'> <img src='E:\workspace\NagarroAutomation\src\main\java\assignment\nagarro\screenshot\Toast button_30_04_2021_01_03_12.png' height='100' width ='100'/></a>]]>
            </line>
          </reporter-output>
        </test-method> <!-- verifyDisplaysAToastTest -->
        <test-method is-config="true" signature="endTest()[pri:0, instance:assignment.nagarro.testCases.TC005_Mobile_Basics@39529185]" started-at="2021-04-30T13:03:14Z" name="endTest" finished-at="2021-04-30T13:03:16Z" duration-ms="1962" status="PASS">
          <reporter-output>
          </reporter-output>
        </test-method> <!-- endTest -->
        <test-method is-config="true" signature="init()[pri:0, instance:assignment.nagarro.testCases.TC005_Mobile_Basics@39529185]" started-at="2021-04-30T13:03:16Z" name="init" finished-at="2021-04-30T13:03:29Z" duration-ms="13640" status="PASS">
          <reporter-output>
          </reporter-output>
        </test-method> <!-- init -->
        <test-method signature="verifyDisplaysPopupTest()[pri:2, instance:assignment.nagarro.testCases.TC005_Mobile_Basics@39529185]" started-at="2021-04-30T13:03:29Z" name="verifyDisplaysPopupTest" finished-at="2021-04-30T13:03:33Z" duration-ms="3307" status="PASS">
          <reporter-output>
            <line>
              <![CDATA[<a href= 'E:\workspace\NagarroAutomation\src\main\java\assignment\nagarro\screenshot\Popupmessage_30_04_2021_01_03_32.png'> <img src='E:\workspace\NagarroAutomation\src\main\java\assignment\nagarro\screenshot\Popupmessage_30_04_2021_01_03_32.png' height='100' width ='100'/></a>]]>
            </line>
          </reporter-output>
        </test-method> <!-- verifyDisplaysPopupTest -->
        <test-method is-config="true" signature="endTest()[pri:0, instance:assignment.nagarro.testCases.TC005_Mobile_Basics@39529185]" started-at="2021-04-30T13:03:33Z" name="endTest" finished-at="2021-04-30T13:03:34Z" duration-ms="1494" status="PASS">
          <reporter-output>
          </reporter-output>
        </test-method> <!-- endTest -->
        <test-method is-config="true" signature="init()[pri:0, instance:assignment.nagarro.testCases.TC005_Mobile_Basics@39529185]" started-at="2021-04-30T13:03:34Z" name="init" finished-at="2021-04-30T13:03:48Z" duration-ms="13753" status="PASS">
          <reporter-output>
          </reporter-output>
        </test-method> <!-- init -->
        <test-method signature="verifyUnhandledExceptionTest()[pri:3, instance:assignment.nagarro.testCases.TC005_Mobile_Basics@39529185]" started-at="2021-04-30T13:03:48Z" name="verifyUnhandledExceptionTest" finished-at="2021-04-30T13:03:50Z" duration-ms="2099" status="PASS">
          <reporter-output>
          </reporter-output>
        </test-method> <!-- verifyUnhandledExceptionTest -->
        <test-method is-config="true" signature="endTest()[pri:0, instance:assignment.nagarro.testCases.TC005_Mobile_Basics@39529185]" started-at="2021-04-30T13:03:50Z" name="endTest" finished-at="2021-04-30T13:03:51Z" duration-ms="1229" status="PASS">
          <reporter-output>
          </reporter-output>
        </test-method> <!-- endTest -->
        <test-method is-config="true" signature="init()[pri:0, instance:assignment.nagarro.testCases.TC005_Mobile_Basics@39529185]" started-at="2021-04-30T13:03:51Z" name="init" finished-at="2021-04-30T13:04:05Z" duration-ms="13705" status="PASS">
          <reporter-output>
          </reporter-output>
        </test-method> <!-- init -->
        <test-method signature="verifyTypeAndUnhandledExceptionTest()[pri:4, instance:assignment.nagarro.testCases.TC005_Mobile_Basics@39529185]" started-at="2021-04-30T13:04:05Z" name="verifyTypeAndUnhandledExceptionTest" finished-at="2021-04-30T13:04:12Z" duration-ms="6965" status="PASS">
          <reporter-output>
          </reporter-output>
        </test-method> <!-- verifyTypeAndUnhandledExceptionTest -->
        <test-method is-config="true" signature="endTest()[pri:0, instance:assignment.nagarro.testCases.TC005_Mobile_Basics@39529185]" started-at="2021-04-30T13:04:12Z" name="endTest" finished-at="2021-04-30T13:04:13Z" duration-ms="757" status="PASS">
          <reporter-output>
          </reporter-output>
        </test-method> <!-- endTest -->
      </class> <!-- assignment.nagarro.testCases.TC005_Mobile_Basics -->
    </test> <!-- Verify toast, popup, exceptions -->
  </suite> <!-- Assignment Nagarro -->
</testng-results>
