<?xml version="1.0" encoding="UTF-8"?>
<testng-results ignored="0" total="11" passed="11" failed="0" skipped="0">
  <reporter-output>
    <line>
      <![CDATA[<a href= 'E:\workspace\NagarroAutomation\src\main\java\assignment\nagarro\screenshot\ItemSelected_30_04_2021_12_27_08.png'> <img src='E:\workspace\NagarroAutomation\src\main\java\assignment\nagarro\screenshot\ItemSelected_30_04_2021_12_27_08.png' height='100' width ='100'/></a>]]>
    </line>
    <line>
      <![CDATA[<a href= 'E:\workspace\NagarroAutomation\src\main\java\assignment\nagarro\screenshot\ChromeLogoAddedData_30_04_2021_12_27_11.png'> <img src='E:\workspace\NagarroAutomation\src\main\java\assignment\nagarro\screenshot\ChromeLogoAddedData_30_04_2021_12_27_11.png' height='100' width ='100'/></a>]]>
    </line>
    <line>
      <![CDATA[<a href= 'E:\workspace\NagarroAutomation\src\main\java\assignment\nagarro\screenshot\FileLogoFormData_30_04_2021_12_27_38.png'> <img src='E:\workspace\NagarroAutomation\src\main\java\assignment\nagarro\screenshot\FileLogoFormData_30_04_2021_12_27_38.png' height='100' width ='100'/></a>]]>
    </line>
    <line>
      <![CDATA[<a href= 'E:\workspace\NagarroAutomation\src\main\java\assignment\nagarro\screenshot\FileLogoData_30_04_2021_12_27_41.png'> <img src='E:\workspace\NagarroAutomation\src\main\java\assignment\nagarro\screenshot\FileLogoData_30_04_2021_12_27_41.png' height='100' width ='100'/></a>]]>
    </line>
    <line>
      <![CDATA[<a href= 'E:\workspace\NagarroAutomation\src\main\java\assignment\nagarro\screenshot\ProgressBar_30_04_2021_12_28_25.png'> <img src='E:\workspace\NagarroAutomation\src\main\java\assignment\nagarro\screenshot\ProgressBar_30_04_2021_12_28_25.png' height='100' width ='100'/></a>]]>
    </line>
    <line>
      <![CDATA[<a href= 'E:\workspace\NagarroAutomation\src\main\java\assignment\nagarro\screenshot\ProgressBarRegisterPage_30_04_2021_12_28_45.png'> <img src='E:\workspace\NagarroAutomation\src\main\java\assignment\nagarro\screenshot\ProgressBarRegisterPage_30_04_2021_12_28_45.png' height='100' width ='100'/></a>]]>
    </line>
    <line>
      <![CDATA[<a href= 'E:\workspace\NagarroAutomation\src\main\java\assignment\nagarro\screenshot\Toast button_30_04_2021_12_29_03.png'> <img src='E:\workspace\NagarroAutomation\src\main\java\assignment\nagarro\screenshot\Toast button_30_04_2021_12_29_03.png' height='100' width ='100'/></a>]]>
    </line>
    <line>
      <![CDATA[<a href= 'E:\workspace\NagarroAutomation\src\main\java\assignment\nagarro\screenshot\Popupmessage_30_04_2021_12_29_22.png'> <img src='E:\workspace\NagarroAutomation\src\main\java\assignment\nagarro\screenshot\Popupmessage_30_04_2021_12_29_22.png' height='100' width ='100'/></a>]]>
    </line>
    <line>
      <![CDATA[<a href= 'E:\workspace\NagarroAutomation\src\main\java\assignment\nagarro\screenshot\DraggedDropped_30_04_2021_12_30_45.png'> <img src='E:\workspace\NagarroAutomation\src\main\java\assignment\nagarro\screenshot\DraggedDropped_30_04_2021_12_30_45.png' height='100' width ='100'/></a>]]>
    </line>
    <line>
      <![CDATA[<a href= 'E:\workspace\NagarroAutomation\src\main\java\assignment\nagarro\screenshot\ItemSelected_30_04_2021_12_30_46.png'> <img src='E:\workspace\NagarroAutomation\src\main\java\assignment\nagarro\screenshot\ItemSelected_30_04_2021_12_30_46.png' height='100' width ='100'/></a>]]>
    </line>
    <line>
      <![CDATA[<a href= 'E:\workspace\NagarroAutomation\src\main\java\assignment\nagarro\screenshot\ControlGroup_30_04_2021_12_30_55.png'> <img src='E:\workspace\NagarroAutomation\src\main\java\assignment\nagarro\screenshot\ControlGroup_30_04_2021_12_30_55.png' height='100' width ='100'/></a>]]>
    </line>
  </reporter-output>
  <suite started-at="2021-04-30T07:00:30Z" name="Assignment Nagarro (0)" finished-at="2021-04-30T07:00:55Z" duration-ms="25753">
    <groups>
    </groups>
    <test started-at="2021-04-30T07:00:30Z" name="Verify Drag and Drop" finished-at="2021-04-30T07:00:46Z" duration-ms="16538">
      <class name="assignment.nagarro.testCases.TC006_Web_Droppable">
        <test-method is-config="true" signature="setup()[pri:0, instance:assignment.nagarro.testCases.TC006_Web_Droppable@3427b02d]" started-at="2021-04-30T12:30:30Z" name="setup" finished-at="2021-04-30T12:30:37Z" duration-ms="7212" status="PASS">
          <reporter-output>
          </reporter-output>
        </test-method> <!-- setup -->
        <test-method signature="dragAndDrop()[pri:1, instance:assignment.nagarro.testCases.TC006_Web_Droppable@3427b02d]" started-at="2021-04-30T12:30:37Z" name="dragAndDrop" finished-at="2021-04-30T12:30:45Z" duration-ms="8700" status="PASS">
          <reporter-output>
            <line>
              <![CDATA[<a href= 'E:\workspace\NagarroAutomation\src\main\java\assignment\nagarro\screenshot\DraggedDropped_30_04_2021_12_30_45.png'> <img src='E:\workspace\NagarroAutomation\src\main\java\assignment\nagarro\screenshot\DraggedDropped_30_04_2021_12_30_45.png' height='100' width ='100'/></a>]]>
            </line>
          </reporter-output>
        </test-method> <!-- dragAndDrop -->
        <test-method is-config="true" signature="endTest()[pri:0, instance:assignment.nagarro.testCases.TC006_Web_Droppable@3427b02d]" started-at="2021-04-30T12:30:45Z" name="endTest" finished-at="2021-04-30T12:30:46Z" duration-ms="620" status="PASS">
          <reporter-output>
          </reporter-output>
        </test-method> <!-- endTest -->
      </class> <!-- assignment.nagarro.testCases.TC006_Web_Droppable -->
    </test> <!-- Verify Drag and Drop -->
    <test started-at="2021-04-30T07:00:30Z" name="selectable" finished-at="2021-04-30T07:00:46Z" duration-ms="16837">
      <class name="assignment.nagarro.testCases.TC007_Web_Selectable">
        <test-method is-config="true" signature="setup()[pri:0, instance:assignment.nagarro.testCases.TC007_Web_Selectable@68999068]" started-at="2021-04-30T12:30:30Z" name="setup" finished-at="2021-04-30T12:30:37Z" duration-ms="7206" status="PASS">
          <reporter-output>
          </reporter-output>
        </test-method> <!-- setup -->
        <test-method signature="selectable(java.lang.String)[pri:1, instance:assignment.nagarro.testCases.TC007_Web_Selectable@68999068]" started-at="2021-04-30T12:30:37Z" name="selectable" finished-at="2021-04-30T12:30:46Z" duration-ms="8990" status="PASS">
          <params>
            <param index="0">
              <value>
                <![CDATA[Item 1,Item 3,Item 7]]>
              </value>
            </param>
          </params>
          <reporter-output>
            <line>
              <![CDATA[<a href= 'E:\workspace\NagarroAutomation\src\main\java\assignment\nagarro\screenshot\ItemSelected_30_04_2021_12_30_46.png'> <img src='E:\workspace\NagarroAutomation\src\main\java\assignment\nagarro\screenshot\ItemSelected_30_04_2021_12_30_46.png' height='100' width ='100'/></a>]]>
            </line>
          </reporter-output>
        </test-method> <!-- selectable -->
        <test-method is-config="true" signature="endTest()[pri:0, instance:assignment.nagarro.testCases.TC007_Web_Selectable@68999068]" started-at="2021-04-30T12:30:46Z" name="endTest" finished-at="2021-04-30T12:30:46Z" duration-ms="633" status="PASS">
          <reporter-output>
          </reporter-output>
        </test-method> <!-- endTest -->
      </class> <!-- assignment.nagarro.testCases.TC007_Web_Selectable -->
    </test> <!-- selectable -->
    <test started-at="2021-04-30T07:00:46Z" name="Rent Car in control group" finished-at="2021-04-30T07:00:55Z" duration-ms="9078">
      <class name="assignment.nagarro.testCases.TC008_Web_Controlgroup">
        <test-method is-config="true" signature="setup()[pri:0, instance:assignment.nagarro.testCases.TC008_Web_Controlgroup@7193666c]" started-at="2021-04-30T12:30:46Z" name="setup" finished-at="2021-04-30T12:30:50Z" duration-ms="3880" status="PASS">
          <reporter-output>
          </reporter-output>
        </test-method> <!-- setup -->
        <test-method signature="RentCarIncontrolgroup(java.lang.String, java.lang.String, java.lang.String, java.lang.String, java.lang.String, java.lang.String)[pri:1, instance:assignment.nagarro.testCases.TC008_Web_Controlgroup@7193666c]" started-at="2021-04-30T12:30:50Z" name="RentCarIncontrolgroup" finished-at="2021-04-30T12:30:55Z" duration-ms="4547" status="PASS">
          <params>
            <param index="0">
              <value>
                <![CDATA[SUV]]>
              </value>
            </param>
            <param index="1">
              <value>
                <![CDATA[Automatic]]>
              </value>
            </param>
            <param index="2">
              <value>
                <![CDATA[2]]>
              </value>
            </param>
            <param index="3">
              <value>
                <![CDATA[Truck]]>
              </value>
            </param>
            <param index="4">
              <value>
                <![CDATA[Standard]]>
              </value>
            </param>
            <param index="5">
              <value>
                <![CDATA[1]]>
              </value>
            </param>
          </params>
          <reporter-output>
            <line>
              <![CDATA[<a href= 'E:\workspace\NagarroAutomation\src\main\java\assignment\nagarro\screenshot\ControlGroup_30_04_2021_12_30_55.png'> <img src='E:\workspace\NagarroAutomation\src\main\java\assignment\nagarro\screenshot\ControlGroup_30_04_2021_12_30_55.png' height='100' width ='100'/></a>]]>
            </line>
          </reporter-output>
        </test-method> <!-- RentCarIncontrolgroup -->
        <test-method is-config="true" signature="endTest()[pri:0, instance:assignment.nagarro.testCases.TC008_Web_Controlgroup@7193666c]" started-at="2021-04-30T12:30:55Z" name="endTest" finished-at="2021-04-30T12:30:55Z" duration-ms="646" status="PASS">
          <reporter-output>
          </reporter-output>
        </test-method> <!-- endTest -->
      </class> <!-- assignment.nagarro.testCases.TC008_Web_Controlgroup -->
    </test> <!-- Rent Car in control group -->
  </suite> <!-- Assignment Nagarro (0) -->
  <suite started-at="2021-04-30T07:00:56Z" name="Nagaro Automation testing" finished-at="2021-04-30T07:00:56Z" duration-ms="0">
    <groups>
    </groups>
  </suite> <!-- Nagaro Automation testing -->
  <suite started-at="2021-04-30T06:55:45Z" name="Assignment Nagarro" finished-at="2021-04-30T07:00:29Z" duration-ms="283907">
    <groups>
    </groups>
    <test started-at="2021-04-30T06:55:45Z" name="EN buttonVerification" finished-at="2021-04-30T06:56:44Z" duration-ms="58047">
      <class name="assignment.nagarro.testCases.TC001_Mobile_Homepage">
        <test-method is-config="true" signature="init()[pri:0, instance:assignment.nagarro.testCases.TC001_Mobile_Homepage@be64738]" started-at="2021-04-30T12:25:45Z" name="init" finished-at="2021-04-30T12:26:35Z" duration-ms="50003" status="PASS">
          <reporter-output>
          </reporter-output>
        </test-method> <!-- init -->
        <test-method signature="enButtonVerify()[pri:1, instance:assignment.nagarro.testCases.TC001_Mobile_Homepage@be64738]" started-at="2021-04-30T12:26:35Z" name="enButtonVerify" finished-at="2021-04-30T12:26:41Z" duration-ms="5083" status="PASS">
          <reporter-output>
          </reporter-output>
        </test-method> <!-- enButtonVerify -->
        <test-method is-config="true" signature="endTest()[pri:0, instance:assignment.nagarro.testCases.TC001_Mobile_Homepage@be64738]" started-at="2021-04-30T12:26:41Z" name="endTest" finished-at="2021-04-30T12:26:44Z" duration-ms="2918" status="PASS">
          <reporter-output>
          </reporter-output>
        </test-method> <!-- endTest -->
      </class> <!-- assignment.nagarro.testCases.TC001_Mobile_Homepage -->
    </test> <!-- EN buttonVerification -->
    <test started-at="2021-04-30T06:56:45Z" name="Add name in Chrome" finished-at="2021-04-30T06:57:13Z" duration-ms="28229">
      <class name="assignment.nagarro.testCases.TC002_Mobile_Chrome">
        <test-method is-config="true" signature="init()[pri:0, instance:assignment.nagarro.testCases.TC002_Mobile_Chrome@7e0b85f9]" started-at="2021-04-30T12:26:45Z" name="init" finished-at="2021-04-30T12:26:59Z" duration-ms="14506" status="PASS">
          <reporter-output>
          </reporter-output>
        </test-method> <!-- init -->
        <test-method signature="addNameChrome()[pri:1, instance:assignment.nagarro.testCases.TC002_Mobile_Chrome@7e0b85f9]" started-at="2021-04-30T12:26:59Z" name="addNameChrome" finished-at="2021-04-30T12:27:11Z" duration-ms="11929" status="PASS">
          <reporter-output>
            <line>
              <![CDATA[<a href= 'E:\workspace\NagarroAutomation\src\main\java\assignment\nagarro\screenshot\ItemSelected_30_04_2021_12_27_08.png'> <img src='E:\workspace\NagarroAutomation\src\main\java\assignment\nagarro\screenshot\ItemSelected_30_04_2021_12_27_08.png' height='100' width ='100'/></a>]]>
            </line>
            <line>
              <![CDATA[<a href= 'E:\workspace\NagarroAutomation\src\main\java\assignment\nagarro\screenshot\ChromeLogoAddedData_30_04_2021_12_27_11.png'> <img src='E:\workspace\NagarroAutomation\src\main\java\assignment\nagarro\screenshot\ChromeLogoAddedData_30_04_2021_12_27_11.png' height='100' width ='100'/></a>]]>
            </line>
          </reporter-output>
        </test-method> <!-- addNameChrome -->
        <test-method is-config="true" signature="endTest()[pri:0, instance:assignment.nagarro.testCases.TC002_Mobile_Chrome@7e0b85f9]" started-at="2021-04-30T12:27:11Z" name="endTest" finished-at="2021-04-30T12:27:13Z" duration-ms="1787" status="PASS">
          <reporter-output>
          </reporter-output>
        </test-method> <!-- endTest -->
      </class> <!-- assignment.nagarro.testCases.TC002_Mobile_Chrome -->
    </test> <!-- Add name in Chrome -->
    <test started-at="2021-04-30T06:57:13Z" name="Register user in File logo" finished-at="2021-04-30T06:57:48Z" duration-ms="34981">
      <class name="assignment.nagarro.testCases.TC003_Mobile_FileLogo">
        <test-method is-config="true" signature="init()[pri:0, instance:assignment.nagarro.testCases.TC003_Mobile_FileLogo@5c30a9b0]" started-at="2021-04-30T12:27:13Z" name="init" finished-at="2021-04-30T12:27:27Z" duration-ms="13809" status="PASS">
          <reporter-output>
          </reporter-output>
        </test-method> <!-- init -->
        <test-method signature="fileLogo(java.lang.String, java.lang.String, java.lang.String)[pri:1, instance:assignment.nagarro.testCases.TC003_Mobile_FileLogo@5c30a9b0]" started-at="2021-04-30T12:27:27Z" name="fileLogo" finished-at="2021-04-30T12:27:42Z" duration-ms="15403" status="PASS">
          <params>
            <param index="0">
              <value>
                <![CDATA[Nayan]]>
              </value>
            </param>
            <param index="1">
              <value>
                <![CDATA[Pass@123]]>
              </value>
            </param>
            <param index="2">
              <value>
                <![CDATA[testemail@test.test]]>
              </value>
            </param>
          </params>
          <reporter-output>
            <line>
              <![CDATA[<a href= 'E:\workspace\NagarroAutomation\src\main\java\assignment\nagarro\screenshot\FileLogoFormData_30_04_2021_12_27_38.png'> <img src='E:\workspace\NagarroAutomation\src\main\java\assignment\nagarro\screenshot\FileLogoFormData_30_04_2021_12_27_38.png' height='100' width ='100'/></a>]]>
            </line>
            <line>
              <![CDATA[<a href= 'E:\workspace\NagarroAutomation\src\main\java\assignment\nagarro\screenshot\FileLogoData_30_04_2021_12_27_41.png'> <img src='E:\workspace\NagarroAutomation\src\main\java\assignment\nagarro\screenshot\FileLogoData_30_04_2021_12_27_41.png' height='100' width ='100'/></a>]]>
            </line>
          </reporter-output>
        </test-method> <!-- fileLogo -->
        <test-method is-config="true" signature="endTest()[pri:0, instance:assignment.nagarro.testCases.TC003_Mobile_FileLogo@5c30a9b0]" started-at="2021-04-30T12:27:42Z" name="endTest" finished-at="2021-04-30T12:27:48Z" duration-ms="5757" status="PASS">
          <reporter-output>
          </reporter-output>
        </test-method> <!-- endTest -->
      </class> <!-- assignment.nagarro.testCases.TC003_Mobile_FileLogo -->
    </test> <!-- Register user in File logo -->
    <test started-at="2021-04-30T06:57:49Z" name="Verify progress bar and registration page" finished-at="2021-04-30T06:58:47Z" duration-ms="57489">
      <class name="assignment.nagarro.testCases.TC004_Mobile_ProgressBar">
        <test-method is-config="true" signature="init()[pri:0, instance:assignment.nagarro.testCases.TC004_Mobile_ProgressBar@6ca8564a]" started-at="2021-04-30T12:27:49Z" name="init" finished-at="2021-04-30T12:28:22Z" duration-ms="32560" status="PASS">
          <reporter-output>
          </reporter-output>
        </test-method> <!-- init -->
        <test-method signature="verifyProgressBar()[pri:1, instance:assignment.nagarro.testCases.TC004_Mobile_ProgressBar@6ca8564a]" started-at="2021-04-30T12:28:22Z" name="verifyProgressBar" finished-at="2021-04-30T12:28:45Z" duration-ms="23198" status="PASS">
          <reporter-output>
            <line>
              <![CDATA[<a href= 'E:\workspace\NagarroAutomation\src\main\java\assignment\nagarro\screenshot\ProgressBar_30_04_2021_12_28_25.png'> <img src='E:\workspace\NagarroAutomation\src\main\java\assignment\nagarro\screenshot\ProgressBar_30_04_2021_12_28_25.png' height='100' width ='100'/></a>]]>
            </line>
            <line>
              <![CDATA[<a href= 'E:\workspace\NagarroAutomation\src\main\java\assignment\nagarro\screenshot\ProgressBarRegisterPage_30_04_2021_12_28_45.png'> <img src='E:\workspace\NagarroAutomation\src\main\java\assignment\nagarro\screenshot\ProgressBarRegisterPage_30_04_2021_12_28_45.png' height='100' width ='100'/></a>]]>
            </line>
          </reporter-output>
        </test-method> <!-- verifyProgressBar -->
        <test-method is-config="true" signature="endTest()[pri:0, instance:assignment.nagarro.testCases.TC004_Mobile_ProgressBar@6ca8564a]" started-at="2021-04-30T12:28:45Z" name="endTest" finished-at="2021-04-30T12:28:47Z" duration-ms="1719" status="PASS">
          <reporter-output>
          </reporter-output>
        </test-method> <!-- endTest -->
      </class> <!-- assignment.nagarro.testCases.TC004_Mobile_ProgressBar -->
    </test> <!-- Verify progress bar and registration page -->
    <test started-at="2021-04-30T06:58:47Z" name="Verify toast, popup, exceptions" finished-at="2021-04-30T07:00:29Z" duration-ms="102447">
      <class name="assignment.nagarro.testCases.TC005_Mobile_Basics">
        <test-method is-config="true" signature="init()[pri:0, instance:assignment.nagarro.testCases.TC005_Mobile_Basics@39529185]" started-at="2021-04-30T12:28:47Z" name="init" finished-at="2021-04-30T12:29:00Z" duration-ms="13016" status="PASS">
          <reporter-output>
          </reporter-output>
        </test-method> <!-- init -->
        <test-method signature="verifyDisplaysAToastTest()[pri:1, instance:assignment.nagarro.testCases.TC005_Mobile_Basics@39529185]" started-at="2021-04-30T12:29:00Z" name="verifyDisplaysAToastTest" finished-at="2021-04-30T12:29:04Z" duration-ms="3890" status="PASS">
          <reporter-output>
            <line>
              <![CDATA[<a href= 'E:\workspace\NagarroAutomation\src\main\java\assignment\nagarro\screenshot\Toast button_30_04_2021_12_29_03.png'> <img src='E:\workspace\NagarroAutomation\src\main\java\assignment\nagarro\screenshot\Toast button_30_04_2021_12_29_03.png' height='100' width ='100'/></a>]]>
            </line>
          </reporter-output>
        </test-method> <!-- verifyDisplaysAToastTest -->
        <test-method is-config="true" signature="endTest()[pri:0, instance:assignment.nagarro.testCases.TC005_Mobile_Basics@39529185]" started-at="2021-04-30T12:29:04Z" name="endTest" finished-at="2021-04-30T12:29:05Z" duration-ms="1479" status="PASS">
          <reporter-output>
          </reporter-output>
        </test-method> <!-- endTest -->
        <test-method is-config="true" signature="init()[pri:0, instance:assignment.nagarro.testCases.TC005_Mobile_Basics@39529185]" started-at="2021-04-30T12:29:05Z" name="init" finished-at="2021-04-30T12:29:19Z" duration-ms="13304" status="PASS">
          <reporter-output>
          </reporter-output>
        </test-method> <!-- init -->
        <test-method signature="verifyDisplaysPopupTest()[pri:2, instance:assignment.nagarro.testCases.TC005_Mobile_Basics@39529185]" started-at="2021-04-30T12:29:19Z" name="verifyDisplaysPopupTest" finished-at="2021-04-30T12:29:22Z" duration-ms="3432" status="PASS">
          <reporter-output>
            <line>
              <![CDATA[<a href= 'E:\workspace\NagarroAutomation\src\main\java\assignment\nagarro\screenshot\Popupmessage_30_04_2021_12_29_22.png'> <img src='E:\workspace\NagarroAutomation\src\main\java\assignment\nagarro\screenshot\Popupmessage_30_04_2021_12_29_22.png' height='100' width ='100'/></a>]]>
            </line>
          </reporter-output>
        </test-method> <!-- verifyDisplaysPopupTest -->
        <test-method is-config="true" signature="endTest()[pri:0, instance:assignment.nagarro.testCases.TC005_Mobile_Basics@39529185]" started-at="2021-04-30T12:29:22Z" name="endTest" finished-at="2021-04-30T12:29:24Z" duration-ms="2223" status="PASS">
          <reporter-output>
          </reporter-output>
        </test-method> <!-- endTest -->
        <test-method is-config="true" signature="init()[pri:0, instance:assignment.nagarro.testCases.TC005_Mobile_Basics@39529185]" started-at="2021-04-30T12:29:24Z" name="init" finished-at="2021-04-30T12:29:58Z" duration-ms="33861" status="PASS">
          <reporter-output>
          </reporter-output>
        </test-method> <!-- init -->
        <test-method signature="verifyUnhandledExceptionTest()[pri:3, instance:assignment.nagarro.testCases.TC005_Mobile_Basics@39529185]" started-at="2021-04-30T12:29:58Z" name="verifyUnhandledExceptionTest" finished-at="2021-04-30T12:30:01Z" duration-ms="3284" status="PASS">
          <reporter-output>
          </reporter-output>
        </test-method> <!-- verifyUnhandledExceptionTest -->
        <test-method is-config="true" signature="endTest()[pri:0, instance:assignment.nagarro.testCases.TC005_Mobile_Basics@39529185]" started-at="2021-04-30T12:30:01Z" name="endTest" finished-at="2021-04-30T12:30:04Z" duration-ms="2351" status="PASS">
          <reporter-output>
          </reporter-output>
        </test-method> <!-- endTest -->
        <test-method is-config="true" signature="init()[pri:0, instance:assignment.nagarro.testCases.TC005_Mobile_Basics@39529185]" started-at="2021-04-30T12:30:04Z" name="init" finished-at="2021-04-30T12:30:22Z" duration-ms="17801" status="PASS">
          <reporter-output>
          </reporter-output>
        </test-method> <!-- init -->
        <test-method signature="verifyTypeAndUnhandledExceptionTest()[pri:4, instance:assignment.nagarro.testCases.TC005_Mobile_Basics@39529185]" started-at="2021-04-30T12:30:22Z" name="verifyTypeAndUnhandledExceptionTest" finished-at="2021-04-30T12:30:29Z" duration-ms="6969" status="PASS">
          <reporter-output>
          </reporter-output>
        </test-method> <!-- verifyTypeAndUnhandledExceptionTest -->
        <test-method is-config="true" signature="endTest()[pri:0, instance:assignment.nagarro.testCases.TC005_Mobile_Basics@39529185]" started-at="2021-04-30T12:30:29Z" name="endTest" finished-at="2021-04-30T12:30:29Z" duration-ms="823" status="PASS">
          <reporter-output>
          </reporter-output>
        </test-method> <!-- endTest -->
      </class> <!-- assignment.nagarro.testCases.TC005_Mobile_Basics -->
    </test> <!-- Verify toast, popup, exceptions -->
  </suite> <!-- Assignment Nagarro -->
</testng-results>
