<?xml version="1.0" encoding="UTF-8"?>
<!-- Generated by org.testng.reporters.JUnitXMLReporter -->
<testsuite ignored="0" hostname="DESKTOP-310KIF9" failures="0" tests="4" name="Verify toast, popup, exceptions" time="76.392" errors="0" timestamp="30 Apr 2021 07:34:13 GMT">
  <testcase classname="assignment.nagarro.testCases.TC005_Mobile_Basics" name="verifyDisplaysAToastTest" time="3.964"/>
  <testcase classname="assignment.nagarro.testCases.TC005_Mobile_Basics" name="verifyDisplaysPopupTest" time="3.307"/>
  <testcase classname="assignment.nagarro.testCases.TC005_Mobile_Basics" name="verifyUnhandledExceptionTest" time="2.099"/>
  <testcase classname="assignment.nagarro.testCases.TC005_Mobile_Basics" name="verifyTypeAndUnhandledExceptionTest" time="6.965"/>
</testsuite> <!-- Verify toast, popup, exceptions -->
