<?xml version="1.0" encoding="UTF-8"?>
<!-- Generated by org.testng.reporters.JUnitXMLReporter -->
<testsuite ignored="0" hostname="DESKTOP-310KIF9" failures="0" tests="4" name="Verify toast, popup, exceptions" time="102.447" errors="0" timestamp="30 Apr 2021 07:00:29 GMT">
  <testcase classname="assignment.nagarro.testCases.TC005_Mobile_Basics" name="verifyDisplaysAToastTest" time="3.89"/>
  <testcase classname="assignment.nagarro.testCases.TC005_Mobile_Basics" name="verifyDisplaysPopupTest" time="3.432"/>
  <testcase classname="assignment.nagarro.testCases.TC005_Mobile_Basics" name="verifyUnhandledExceptionTest" time="3.284"/>
  <testcase classname="assignment.nagarro.testCases.TC005_Mobile_Basics" name="verifyTypeAndUnhandledExceptionTest" time="6.969"/>
</testsuite> <!-- Verify toast, popup, exceptions -->
